  [1m[36m (153.8ms)[0m  [1mCREATE TABLE "schema_migrations" ("version" character varying NOT NULL) [0m
  [1m[35m (70.2ms)[0m  CREATE UNIQUE INDEX  "unique_schema_migrations" ON "schema_migrations"  ("version")
  [1m[36mActiveRecord::SchemaMigration Load (2.1ms)[0m  [1mSELECT "schema_migrations".* FROM "schema_migrations"[0m
Migrating to CreateMovies (20160213154910)
  [1m[35m (0.6ms)[0m  BEGIN
  [1m[36m (82.5ms)[0m  [1mCREATE TABLE "movies" ("id" serial primary key, "title" character varying, "front_text" character varying, "front_image" character varying, "question" character varying, "back_text" character varying, "back_image" character varying, "hint" character varying, "likes" integer, "dislikes" integer, "created_at" timestamp NOT NULL, "updated_at" timestamp NOT NULL) [0m
  [1m[35mSQL (1.5ms)[0m  INSERT INTO "schema_migrations" ("version") VALUES ($1)  [["version", "20160213154910"]]
  [1m[36m (21.4ms)[0m  [1mCOMMIT[0m
  [1m[35mActiveRecord::SchemaMigration Load (0.5ms)[0m  SELECT "schema_migrations".* FROM "schema_migrations"
  [1m[36m (6.7ms)[0m  [1mSELECT t2.oid::regclass::text AS to_table, a1.attname AS column, a2.attname AS primary_key, c.conname AS name, c.confupdtype AS on_update, c.confdeltype AS on_delete
FROM pg_constraint c
JOIN pg_class t1 ON c.conrelid = t1.oid
JOIN pg_class t2 ON c.confrelid = t2.oid
JOIN pg_attribute a1 ON a1.attnum = c.conkey[1] AND a1.attrelid = t1.oid
JOIN pg_attribute a2 ON a2.attnum = c.confkey[1] AND a2.attrelid = t2.oid
JOIN pg_namespace t3 ON c.connamespace = t3.oid
WHERE c.contype = 'f'
  AND t1.relname = 'movies'
  AND t3.nspname = ANY (current_schemas(false))
ORDER BY c.conname
[0m


Started GET "/" for 127.0.0.1 at 2016-02-13 10:57:58 -0500
  [1m[36mActiveRecord::SchemaMigration Load (1.8ms)[0m  [1mSELECT "schema_migrations".* FROM "schema_migrations"[0m
Processing by Rails::WelcomeController#index as HTML
  Rendered /home/robert/.rbenv/versions/2.2.4/lib/ruby/gems/2.2.0/gems/railties-4.2.5.1/lib/rails/templates/rails/welcome/index.html.erb (2.9ms)
Completed 200 OK in 64ms (Views: 18.7ms | ActiveRecord: 0.0ms)


Started GET "/movies" for 127.0.0.1 at 2016-02-13 10:58:04 -0500
Processing by MoviesController#index as HTML
  [1m[35mMovie Load (1.2ms)[0m  SELECT "movies".* FROM "movies"
  Rendered movies/index.html.erb within layouts/application (13.1ms)
Completed 200 OK in 2001ms (Views: 1991.4ms | ActiveRecord: 2.6ms)


Started GET "/assets/movies.self-b60acab5af8d245ed2b3012f77d11d8d207d8eada27756badaf4ef05770d60f6.css?body=1" for 127.0.0.1 at 2016-02-13 10:58:06 -0500


Started GET "/assets/movies.self-19a187bec6cdb96d6de80a61c16c857c613536adf9138476bd367db38d282635.js?body=1" for 127.0.0.1 at 2016-02-13 10:58:06 -0500


Started GET "/movies/new" for 127.0.0.1 at 2016-02-13 10:58:10 -0500
Processing by MoviesController#new as HTML
  Rendered movies/_form.html.erb (58.6ms)
  Rendered movies/new.html.erb within layouts/application (65.7ms)
Completed 200 OK in 145ms (Views: 108.3ms | ActiveRecord: 4.2ms)


Started GET "/" for 127.0.0.1 at 2016-02-13 12:10:34 -0500
  [1m[36mActiveRecord::SchemaMigration Load (1.1ms)[0m  [1mSELECT "schema_migrations".* FROM "schema_migrations"[0m
Processing by MoviesController#index as HTML
  [1m[35mMovie Load (1.1ms)[0m  SELECT "movies".* FROM "movies"
  Rendered movies/index.html.erb within layouts/application (12.7ms)
Completed 200 OK in 578ms (Views: 554.1ms | ActiveRecord: 2.7ms)


Started GET "/movies/new" for 127.0.0.1 at 2016-02-13 12:10:58 -0500
Processing by MoviesController#new as HTML
  Rendered movies/_form.html.erb (101.6ms)
  Rendered movies/new.html.erb within layouts/application (108.9ms)
Completed 200 OK in 180ms (Views: 149.9ms | ActiveRecord: 5.1ms)
